  Ch02_Operation.cpp
C:\Users\user\CP_project\CPP_Basic\CPP_Project\CPP_Project\Ch02_Operation.cpp(1,1): warning C4819: The file contains a character that cannot be represented in the current code page (949). Save the file in Unicode format to prevent data loss
C:\Users\user\CP_project\CPP_Basic\CPP_Project\CPP_Project\io.h(1,1): warning C4819: The file contains a character that cannot be represented in the current code page (949). Save the file in Unicode format to prevent data loss
C:\Users\user\CP_project\CPP_Basic\CPP_Project\CPP_Project\Ch02_Operation.cpp(29,7): error C2065: 'Decrease': undeclared identifier
C:\Users\user\CP_project\CPP_Basic\CPP_Project\CPP_Project\Ch02_Operation.cpp(29,18): error C2065: 'Decrease': undeclared identifier
C:\Users\user\CP_project\CPP_Basic\CPP_Project\CPP_Project\Ch02_Operation.cpp(31,35): error C2065: 'Decrease': undeclared identifier
C:\Users\user\CP_project\CPP_Basic\CPP_Project\CPP_Project\Ch02_Operation.cpp(34,7): error C2065: 'Decrease': undeclared identifier
C:\Users\user\CP_project\CPP_Basic\CPP_Project\CPP_Project\Ch02_Operation.cpp(36,35): error C2065: 'Decrease': undeclared identifier
C:\Users\user\CP_project\CPP_Basic\CPP_Project\CPP_Project\Ch02_Operation.cpp(41,7): error C2065: 'Decrease': undeclared identifier
C:\Users\user\CP_project\CPP_Basic\CPP_Project\CPP_Project\Ch02_Operation.cpp(43,35): error C2065: 'Decrease': undeclared identifier
C:\Users\user\CP_project\CPP_Basic\CPP_Project\CPP_Project\Ch02_Operation.cpp(51,15): error C2065: 'Greater': undeclared identifier
C:\Users\user\CP_project\CPP_Basic\CPP_Project\CPP_Project\Ch02_Operation.cpp(52,15): error C2065: 'Greater': undeclared identifier
C:\Users\user\CP_project\CPP_Basic\CPP_Project\CPP_Project\Ch02_Operation.cpp(54,15): error C2065: 'Greater': undeclared identifier
C:\Users\user\CP_project\CPP_Basic\CPP_Project\CPP_Project\Ch02_Operation.cpp(55,15): error C2065: 'Greater': undeclared identifier
C:\Users\user\CP_project\CPP_Basic\CPP_Project\CPP_Project\Ch02_Operation.cpp(57,15): error C2065: 'Greater': undeclared identifier
C:\Users\user\CP_project\CPP_Basic\CPP_Project\CPP_Project\Ch02_Operation.cpp(58,15): error C2065: 'Greater': undeclared identifier
  Ch03_Statement.cpp
C:\Users\user\CP_project\CPP_Basic\CPP_Project\CPP_Project\Ch03_Statement.cpp(1,1): warning C4819: The file contains a character that cannot be represented in the current code page (949). Save the file in Unicode format to prevent data loss
C:\Users\user\CP_project\CPP_Basic\CPP_Project\CPP_Project\io.h(1,1): warning C4819: The file contains a character that cannot be represented in the current code page (949). Save the file in Unicode format to prevent data loss
C:\Users\user\CP_project\CPP_Basic\CPP_Project\CPP_Project\Ch03_Statement.cpp(15,13): error C2001: newline in constant
C:\Users\user\CP_project\CPP_Basic\CPP_Project\CPP_Project\Ch03_Statement.cpp(16,3): error C2143: syntax error: missing ';' before '}'
C:\Users\user\CP_project\CPP_Basic\CPP_Project\CPP_Project\Ch03_Statement.cpp(22,13): error C2001: newline in constant
C:\Users\user\CP_project\CPP_Basic\CPP_Project\CPP_Project\Ch03_Statement.cpp(23,3): error C2143: syntax error: missing ';' before '}'
C:\Users\user\CP_project\CPP_Basic\CPP_Project\CPP_Project\Ch03_Statement.cpp(24,13): error C2001: newline in constant
C:\Users\user\CP_project\CPP_Basic\CPP_Project\CPP_Project\Ch03_Statement.cpp(25,3): error C2143: syntax error: missing ';' before '}'
C:\Users\user\CP_project\CPP_Basic\CPP_Project\CPP_Project\Ch03_Statement.cpp(26,13): error C2001: newline in constant
C:\Users\user\CP_project\CPP_Basic\CPP_Project\CPP_Project\Ch03_Statement.cpp(27,3): error C2143: syntax error: missing ';' before '}'
C:\Users\user\CP_project\CPP_Basic\CPP_Project\CPP_Project\Ch03_Statement.cpp(40,13): error C2001: newline in constant
C:\Users\user\CP_project\CPP_Basic\CPP_Project\CPP_Project\Ch03_Statement.cpp(41,3): error C2143: syntax error: missing ';' before '}'
C:\Users\user\CP_project\CPP_Basic\CPP_Project\CPP_Project\Ch03_Statement.cpp(59,13): error C2001: newline in constant
C:\Users\user\CP_project\CPP_Basic\CPP_Project\CPP_Project\Ch03_Statement.cpp(60,3): error C2143: syntax error: missing ';' before '}'
C:\Users\user\CP_project\CPP_Basic\CPP_Project\CPP_Project\Ch03_Statement.cpp(69,13): error C2001: newline in constant
C:\Users\user\CP_project\CPP_Basic\CPP_Project\CPP_Project\Ch03_Statement.cpp(70,3): error C2143: syntax error: missing ';' before '}'
C:\Users\user\CP_project\CPP_Basic\CPP_Project\CPP_Project\Ch03_Statement.cpp(87,13): error C2001: newline in constant
C:\Users\user\CP_project\CPP_Basic\CPP_Project\CPP_Project\Ch03_Statement.cpp(88,5): error C2143: syntax error: missing ';' before 'break'
C:\Users\user\CP_project\CPP_Basic\CPP_Project\CPP_Project\Ch03_Statement.cpp(103,13): error C2001: newline in constant
C:\Users\user\CP_project\CPP_Basic\CPP_Project\CPP_Project\Ch03_Statement.cpp(105,5): error C2143: syntax error: missing ';' before 'if'
C:\Users\user\CP_project\CPP_Basic\CPP_Project\CPP_Project\Ch03_Statement.cpp(171,13): error C2001: newline in constant
C:\Users\user\CP_project\CPP_Basic\CPP_Project\CPP_Project\Ch03_Statement.cpp(172,5): error C2146: syntax error: missing ';' before identifier 'cin'
C:\Users\user\CP_project\CPP_Basic\CPP_Project\CPP_Project\Ch03_Statement.cpp(203,41): error C2065: 'GlobalValue': undeclared identifier
C:\Users\user\CP_project\CPP_Basic\CPP_Project\CPP_Project\Ch03_Statement.cpp(209,39): error C2065: 'GlobalValue': undeclared identifier
C:\Users\user\CP_project\CPP_Basic\CPP_Project\CPP_Project\Ch03_Statement.cpp(199,5): warning C4390: ';': empty controlled statement found; is this the intent?
  Ch04-1_Example.cpp
C:\Users\user\CP_project\CPP_Basic\CPP_Project\CPP_Project\Ch04-1_Example.cpp(1,1): warning C4819: The file contains a character that cannot be represented in the current code page (949). Save the file in Unicode format to prevent data loss
C:\Users\user\CP_project\CPP_Basic\CPP_Project\CPP_Project\io.h(1,1): warning C4819: The file contains a character that cannot be represented in the current code page (949). Save the file in Unicode format to prevent data loss
C:\Users\user\CP_project\CPP_Basic\CPP_Project\CPP_Project\Ch04-1_Example.cpp(4,1): error C2447: '{': missing function header (old-style formal list?)
C:\Users\user\CP_project\CPP_Basic\CPP_Project\CPP_Project\Ch04-1_Example.cpp(18,13): error C2001: newline in constant
C:\Users\user\CP_project\CPP_Basic\CPP_Project\CPP_Project\Ch04-1_Example.cpp(22,13): error C2001: newline in constant
C:\Users\user\CP_project\CPP_Basic\CPP_Project\CPP_Project\Ch04-1_Example.cpp(26,13): error C2001: newline in constant
C:\Users\user\CP_project\CPP_Basic\CPP_Project\CPP_Project\Ch04-1_Example.cpp(30,13): error C2001: newline in constant
C:\Users\user\CP_project\CPP_Basic\CPP_Project\CPP_Project\Ch04-1_Example.cpp(95,11): error C2065: 'FinishHour': undeclared identifier
  Ch04-2_Example.cpp
C:\Users\user\CP_project\CPP_Basic\CPP_Project\CPP_Project\Ch04-2_Example.cpp(1,1): warning C4819: The file contains a character that cannot be represented in the current code page (949). Save the file in Unicode format to prevent data loss
C:\Users\user\CP_project\CPP_Basic\CPP_Project\CPP_Project\io.h(1,1): warning C4819: The file contains a character that cannot be represented in the current code page (949). Save the file in Unicode format to prevent data loss
C:\Users\user\CP_project\CPP_Basic\CPP_Project\CPP_Project\Ch04-2_Example.cpp(7,11): error C2001: newline in constant
C:\Users\user\CP_project\CPP_Basic\CPP_Project\CPP_Project\Ch04-2_Example.cpp(8,3): error C2146: syntax error: missing ';' before identifier 'cin'
  Ch05-1_Example.cpp
C:\Users\user\CP_project\CPP_Basic\CPP_Project\CPP_Project\Ch05-1_Example.cpp(1,1): warning C4819: The file contains a character that cannot be represented in the current code page (949). Save the file in Unicode format to prevent data loss
C:\Users\user\CP_project\CPP_Basic\CPP_Project\CPP_Project\io.h(1,1): warning C4819: The file contains a character that cannot be represented in the current code page (949). Save the file in Unicode format to prevent data loss
C:\Users\user\CP_project\CPP_Basic\CPP_Project\CPP_Project\Ch05-1_Example.cpp(9,14): error C2131: expression did not evaluate to a constant
C:\Users\user\CP_project\CPP_Basic\CPP_Project\CPP_Project\Ch05-1_Example.cpp(9,14): message : failure was caused by a read of a variable outside its lifetime
C:\Users\user\CP_project\CPP_Basic\CPP_Project\CPP_Project\Ch05-1_Example.cpp(9,14): message : see usage of 'Counter'
C:\Users\user\CP_project\CPP_Basic\CPP_Project\CPP_Project\Ch05-1_Example.cpp(13,11): warning C4552: '>>': result of expression not used
C:\Users\user\CP_project\CPP_Basic\CPP_Project\CPP_Project\Ch05-1_Example.cpp(29,59): error C2001: newline in constant
C:\Users\user\CP_project\CPP_Basic\CPP_Project\CPP_Project\Ch05-1_Example.cpp(30,1): error C2143: syntax error: missing ';' before '}'
C:\Users\user\CP_project\CPP_Basic\CPP_Project\CPP_Project\Ch05-1_Example.cpp(33,3): error C2144: syntax error: 'int' should be preceded by ';'
C:\Users\user\CP_project\CPP_Basic\CPP_Project\CPP_Project\Ch05-1_Example.cpp(34,8): error C2143: syntax error: missing ';' before '<<'
C:\Users\user\CP_project\CPP_Basic\CPP_Project\CPP_Project\Ch05-1_Example.cpp(34,8): error C4430: missing type specifier - int assumed. Note: C++ does not support default-int
C:\Users\user\CP_project\CPP_Basic\CPP_Project\CPP_Project\Ch05-1_Example.cpp(34,8): error C2059: syntax error: '<<'
C:\Users\user\CP_project\CPP_Basic\CPP_Project\CPP_Project\Ch05-1_Example.cpp(35,7): error C2143: syntax error: missing ';' before '>>'
C:\Users\user\CP_project\CPP_Basic\CPP_Project\CPP_Project\Ch05-1_Example.cpp(35,7): error C4430: missing type specifier - int assumed. Note: C++ does not support default-int
C:\Users\user\CP_project\CPP_Basic\CPP_Project\CPP_Project\Ch05-1_Example.cpp(35,7): error C2059: syntax error: '>>'
C:\Users\user\CP_project\CPP_Basic\CPP_Project\CPP_Project\Ch05-1_Example.cpp(38,8): error C2143: syntax error: missing ';' before '<<'
C:\Users\user\CP_project\CPP_Basic\CPP_Project\CPP_Project\Ch05-1_Example.cpp(38,8): error C4430: missing type specifier - int assumed. Note: C++ does not support default-int
C:\Users\user\CP_project\CPP_Basic\CPP_Project\CPP_Project\Ch05-1_Example.cpp(38,3): error C2086: 'int cout': redefinition
C:\Users\user\CP_project\CPP_Basic\CPP_Project\CPP_Project\Ch05-1_Example.cpp(34,3): message : see declaration of 'cout'
C:\Users\user\CP_project\CPP_Basic\CPP_Project\CPP_Project\Ch05-1_Example.cpp(38,8): error C2059: syntax error: '<<'
C:\Users\user\CP_project\CPP_Basic\CPP_Project\CPP_Project\Ch05-1_Example.cpp(39,7): error C2143: syntax error: missing ';' before '>>'
C:\Users\user\CP_project\CPP_Basic\CPP_Project\CPP_Project\Ch05-1_Example.cpp(39,7): error C4430: missing type specifier - int assumed. Note: C++ does not support default-int
C:\Users\user\CP_project\CPP_Basic\CPP_Project\CPP_Project\Ch05-1_Example.cpp(39,3): error C2086: 'int cin': redefinition
C:\Users\user\CP_project\CPP_Basic\CPP_Project\CPP_Project\Ch05-1_Example.cpp(35,3): message : see declaration of 'cin'
C:\Users\user\CP_project\CPP_Basic\CPP_Project\CPP_Project\Ch05-1_Example.cpp(39,7): error C2059: syntax error: '>>'
C:\Users\user\CP_project\CPP_Basic\CPP_Project\CPP_Project\Ch05-1_Example.cpp(41,14): error C2131: expression did not evaluate to a constant
C:\Users\user\CP_project\CPP_Basic\CPP_Project\CPP_Project\Ch05-1_Example.cpp(41,14): message : failure was caused by non-constant arguments or reference to a non-constant symbol
C:\Users\user\CP_project\CPP_Basic\CPP_Project\CPP_Project\Ch05-1_Example.cpp(41,14): message : see usage of 'Counter'
C:\Users\user\CP_project\CPP_Basic\CPP_Project\CPP_Project\Ch05-1_Example.cpp(42,3): error C2059: syntax error: 'for'
C:\Users\user\CP_project\CPP_Basic\CPP_Project\CPP_Project\Ch05-1_Example.cpp(42,3): error C2143: syntax error: missing ')' before ';'
C:\Users\user\CP_project\CPP_Basic\CPP_Project\CPP_Project\Ch05-1_Example.cpp(42,17): error C2143: syntax error: missing ';' before '<'
C:\Users\user\CP_project\CPP_Basic\CPP_Project\CPP_Project\Ch05-1_Example.cpp(42,17): error C4430: missing type specifier - int assumed. Note: C++ does not support default-int
C:\Users\user\CP_project\CPP_Basic\CPP_Project\CPP_Project\Ch05-1_Example.cpp(42,17): error C2059: syntax error: '<'
C:\Users\user\CP_project\CPP_Basic\CPP_Project\CPP_Project\Ch05-1_Example.cpp(42,28): error C2143: syntax error: missing ';' before '++'
C:\Users\user\CP_project\CPP_Basic\CPP_Project\CPP_Project\Ch05-1_Example.cpp(42,28): error C4430: missing type specifier - int assumed. Note: C++ does not support default-int
C:\Users\user\CP_project\CPP_Basic\CPP_Project\CPP_Project\Ch05-1_Example.cpp(42,27): error C2086: 'int i': redefinition
C:\Users\user\CP_project\CPP_Basic\CPP_Project\CPP_Project\Ch05-1_Example.cpp(42,16): message : see declaration of 'i'
C:\Users\user\CP_project\CPP_Basic\CPP_Project\CPP_Project\Ch05-1_Example.cpp(42,28): error C2059: syntax error: '++'
C:\Users\user\CP_project\CPP_Basic\CPP_Project\CPP_Project\Ch05-1_Example.cpp(42,30): error C2059: syntax error: ')'
C:\Users\user\CP_project\CPP_Basic\CPP_Project\CPP_Project\Ch05-1_Example.cpp(43,5): error C2143: syntax error: missing ';' before '{'
C:\Users\user\CP_project\CPP_Basic\CPP_Project\CPP_Project\Ch05-1_Example.cpp(43,5): error C2447: '{': missing function header (old-style formal list?)
C:\Users\user\CP_project\CPP_Basic\CPP_Project\CPP_Project\Ch05-1_Example.cpp(48,3): error C2059: syntax error: 'for'
C:\Users\user\CP_project\CPP_Basic\CPP_Project\CPP_Project\Ch05-1_Example.cpp(48,3): error C2143: syntax error: missing ')' before ';'
C:\Users\user\CP_project\CPP_Basic\CPP_Project\CPP_Project\Ch05-1_Example.cpp(48,17): error C2143: syntax error: missing ';' before '<'
C:\Users\user\CP_project\CPP_Basic\CPP_Project\CPP_Project\Ch05-1_Example.cpp(48,17): error C4430: missing type specifier - int assumed. Note: C++ does not support default-int
C:\Users\user\CP_project\CPP_Basic\CPP_Project\CPP_Project\Ch05-1_Example.cpp(48,16): error C2086: 'int i': redefinition
C:\Users\user\CP_project\CPP_Basic\CPP_Project\CPP_Project\Ch05-1_Example.cpp(42,16): message : see declaration of 'i'
C:\Users\user\CP_project\CPP_Basic\CPP_Project\CPP_Project\Ch05-1_Example.cpp(48,17): error C2059: syntax error: '<'
C:\Users\user\CP_project\CPP_Basic\CPP_Project\CPP_Project\Ch05-1_Example.cpp(48,28): error C2143: syntax error: missing ';' before '++'
C:\Users\user\CP_project\CPP_Basic\CPP_Project\CPP_Project\Ch05-1_Example.cpp(48,28): error C4430: missing type specifier - int assumed. Note: C++ does not support default-int
C:\Users\user\CP_project\CPP_Basic\CPP_Project\CPP_Project\Ch05-1_Example.cpp(48,27): error C2086: 'int i': redefinition
C:\Users\user\CP_project\CPP_Basic\CPP_Project\CPP_Project\Ch05-1_Example.cpp(42,16): message : see declaration of 'i'
C:\Users\user\CP_project\CPP_Basic\CPP_Project\CPP_Project\Ch05-1_Example.cpp(48,28): error C2059: syntax error: '++'
C:\Users\user\CP_project\CPP_Basic\CPP_Project\CPP_Project\Ch05-1_Example.cpp(48,30): error C2059: syntax error: ')'
C:\Users\user\CP_project\CPP_Basic\CPP_Project\CPP_Project\Ch05-1_Example.cpp(49,5): error C2143: syntax error: missing ';' before '{'
C:\Users\user\CP_project\CPP_Basic\CPP_Project\CPP_Project\Ch05-1_Example.cpp(49,5): error C2447: '{': missing function header (old-style formal list?)
C:\Users\user\CP_project\CPP_Basic\CPP_Project\CPP_Project\Ch05-1_Example.cpp(55,1): error C2059: syntax error: '}'
C:\Users\user\CP_project\CPP_Basic\CPP_Project\CPP_Project\Ch05-1_Example.cpp(55,1): error C2143: syntax error: missing ';' before '}'
C:\Users\user\CP_project\CPP_Basic\CPP_Project\CPP_Project\Ch05-1_Example.cpp(58,1): error C2143: syntax error: missing ';' before '{'
C:\Users\user\CP_project\CPP_Basic\CPP_Project\CPP_Project\Ch05-1_Example.cpp(58,1): error C2447: '{': missing function header (old-style formal list?)
  Ch06-1_Example.cpp
C:\Users\user\CP_project\CPP_Basic\CPP_Project\CPP_Project\Ch06-1_Example.cpp(1,1): warning C4819: The file contains a character that cannot be represented in the current code page (949). Save the file in Unicode format to prevent data loss
C:\Users\user\CP_project\CPP_Basic\CPP_Project\CPP_Project\io.h(1,1): warning C4819: The file contains a character that cannot be represented in the current code page (949). Save the file in Unicode format to prevent data loss
C:\Users\user\CP_project\CPP_Basic\CPP_Project\CPP_Project\Ch06-1_Example.cpp(4,3): error C2144: syntax error: 'char' should be preceded by ';'
C:\Users\user\CP_project\CPP_Basic\CPP_Project\CPP_Project\Ch06-1_Example.cpp(7,8): error C2143: syntax error: missing ';' before '<<'
C:\Users\user\CP_project\CPP_Basic\CPP_Project\CPP_Project\Ch06-1_Example.cpp(7,8): error C4430: missing type specifier - int assumed. Note: C++ does not support default-int
C:\Users\user\CP_project\CPP_Basic\CPP_Project\CPP_Project\Ch06-1_Example.cpp(7,8): error C2059: syntax error: '<<'
C:\Users\user\CP_project\CPP_Basic\CPP_Project\CPP_Project\Ch06-1_Example.cpp(8,7): error C2143: syntax error: missing ';' before '>>'
C:\Users\user\CP_project\CPP_Basic\CPP_Project\CPP_Project\Ch06-1_Example.cpp(8,7): error C4430: missing type specifier - int assumed. Note: C++ does not support default-int
C:\Users\user\CP_project\CPP_Basic\CPP_Project\CPP_Project\Ch06-1_Example.cpp(8,7): error C2059: syntax error: '>>'
C:\Users\user\CP_project\CPP_Basic\CPP_Project\CPP_Project\Ch06-1_Example.cpp(10,8): error C2143: syntax error: missing ';' before '<<'
C:\Users\user\CP_project\CPP_Basic\CPP_Project\CPP_Project\Ch06-1_Example.cpp(10,8): error C4430: missing type specifier - int assumed. Note: C++ does not support default-int
C:\Users\user\CP_project\CPP_Basic\CPP_Project\CPP_Project\Ch06-1_Example.cpp(10,3): error C2086: 'int cout': redefinition
C:\Users\user\CP_project\CPP_Basic\CPP_Project\CPP_Project\Ch06-1_Example.cpp(7,3): message : see declaration of 'cout'
C:\Users\user\CP_project\CPP_Basic\CPP_Project\CPP_Project\Ch06-1_Example.cpp(10,8): error C2059: syntax error: '<<'
C:\Users\user\CP_project\CPP_Basic\CPP_Project\CPP_Project\Ch06-1_Example.cpp(11,7): error C2143: syntax error: missing ';' before '>>'
C:\Users\user\CP_project\CPP_Basic\CPP_Project\CPP_Project\Ch06-1_Example.cpp(11,7): error C4430: missing type specifier - int assumed. Note: C++ does not support default-int
C:\Users\user\CP_project\CPP_Basic\CPP_Project\CPP_Project\Ch06-1_Example.cpp(11,3): error C2086: 'int cin': redefinition
C:\Users\user\CP_project\CPP_Basic\CPP_Project\CPP_Project\Ch06-1_Example.cpp(8,3): message : see declaration of 'cin'
C:\Users\user\CP_project\CPP_Basic\CPP_Project\CPP_Project\Ch06-1_Example.cpp(11,7): error C2059: syntax error: '>>'
C:\Users\user\CP_project\CPP_Basic\CPP_Project\CPP_Project\Ch06-1_Example.cpp(13,8): error C2143: syntax error: missing ';' before '<<'
C:\Users\user\CP_project\CPP_Basic\CPP_Project\CPP_Project\Ch06-1_Example.cpp(13,8): error C4430: missing type specifier - int assumed. Note: C++ does not support default-int
C:\Users\user\CP_project\CPP_Basic\CPP_Project\CPP_Project\Ch06-1_Example.cpp(13,3): error C2086: 'int cout': redefinition
C:\Users\user\CP_project\CPP_Basic\CPP_Project\CPP_Project\Ch06-1_Example.cpp(7,3): message : see declaration of 'cout'
C:\Users\user\CP_project\CPP_Basic\CPP_Project\CPP_Project\Ch06-1_Example.cpp(13,8): error C2059: syntax error: '<<'
C:\Users\user\CP_project\CPP_Basic\CPP_Project\CPP_Project\Ch06-1_Example.cpp(14,1): error C2059: syntax error: '}'
C:\Users\user\CP_project\CPP_Basic\CPP_Project\CPP_Project\Ch06-1_Example.cpp(14,1): error C2143: syntax error: missing ';' before '}'
C:\Users\user\CP_project\CPP_Basic\CPP_Project\CPP_Project\Ch06-1_Example.cpp(17,1): error C2143: syntax error: missing ';' before '{'
C:\Users\user\CP_project\CPP_Basic\CPP_Project\CPP_Project\Ch06-1_Example.cpp(17,1): error C2447: '{': missing function header (old-style formal list?)
  Ch06_String.cpp
C:\Users\user\CP_project\CPP_Basic\CPP_Project\CPP_Project\io.h(1,1): warning C4819: The file contains a character that cannot be represented in the current code page (949). Save the file in Unicode format to prevent data loss
  Ch07_Structure.cpp
C:\Users\user\CP_project\CPP_Basic\CPP_Project\CPP_Project\Ch07_Structure.cpp(1,1): warning C4819: The file contains a character that cannot be represented in the current code page (949). Save the file in Unicode format to prevent data loss
C:\Users\user\CP_project\CPP_Basic\CPP_Project\CPP_Project\io.h(1,1): warning C4819: The file contains a character that cannot be represented in the current code page (949). Save the file in Unicode format to prevent data loss
C:\Users\user\CP_project\CPP_Basic\CPP_Project\CPP_Project\Ch07_Structure.cpp(24,35): error C2041: illegal digit '8' for base '8'
C:\Users\user\CP_project\CPP_Basic\CPP_Project\CPP_Project\Ch07_Structure.cpp(24,35): error C2059: syntax error: 'constant'
C:\Users\user\CP_project\CPP_Basic\CPP_Project\CPP_Project\Ch07_Structure.cpp(24,46): error C2001: newline in constant
  CPP_Project.cpp
  Generating Code...
